SF:lib/domain/utils/colored_log.dart
DA:4,1
DA:6,3
DA:8,2
DA:11,1
DA:12,1
DA:14,3
DA:19,1
DA:20,1
DA:22,3
DA:27,1
DA:28,1
DA:30,3
DA:35,1
DA:36,1
DA:38,3
DA:43,1
DA:45,6
DA:46,6
DA:47,5
DA:49,1
LF:20
LH:20
end_of_record
SF:lib/domain/utils/form_fields.dart
DA:5,2
DA:20,0
DA:22,1
DA:27,1
DA:28,0
DA:29,0
DA:30,0
DA:43,1
DA:70,2
DA:71,2
DA:73,1
DA:74,3
DA:75,2
DA:124,2
DA:126,2
DA:128,2
DA:130,2
DA:132,2
DA:134,2
DA:136,2
DA:138,2
DA:140,2
DA:144,1
DA:145,1
DA:147,1
DA:149,1
DA:150,1
DA:151,2
DA:152,1
DA:153,2
DA:155,2
DA:157,2
DA:159,0
DA:161,0
DA:165,1
DA:166,5
DA:170,1
DA:172,1
DA:173,6
DA:177,1
DA:178,6
DA:187,0
DA:188,0
DA:193,3
DA:196,0
DA:197,0
DA:201,0
DA:202,0
DA:206,0
DA:212,0
DA:216,0
DA:219,0
DA:220,0
DA:221,0
DA:222,0
DA:223,0
DA:224,0
DA:225,0
DA:226,0
DA:228,0
DA:229,0
DA:239,1
DA:249,1
DA:262,1
DA:266,1
DA:267,1
DA:269,1
DA:270,1
DA:271,1
DA:272,1
DA:273,1
DA:274,1
DA:275,1
DA:276,1
DA:280,1
DA:281,1
DA:282,1
DA:283,1
DA:284,1
DA:285,1
DA:286,1
DA:288,1
DA:289,1
DA:290,1
DA:294,1
DA:301,1
DA:302,1
DA:303,1
DA:304,1
DA:305,1
DA:306,1
DA:307,1
DA:308,1
DA:309,1
DA:310,1
DA:321,1
DA:331,1
DA:344,1
DA:348,1
DA:349,1
DA:351,1
DA:352,1
DA:353,1
DA:354,1
DA:355,1
DA:356,1
DA:357,1
DA:358,1
DA:362,1
DA:363,1
DA:364,1
DA:365,1
DA:366,1
DA:367,1
DA:368,1
DA:370,1
DA:371,1
DA:372,1
DA:376,1
DA:383,1
DA:384,1
DA:385,1
DA:386,1
DA:387,1
DA:388,1
DA:389,1
DA:390,1
DA:391,1
DA:392,1
DA:403,1
DA:417,1
DA:428,2
DA:429,2
DA:440,2
DA:442,2
DA:444,2
DA:446,2
DA:449,1
DA:451,3
DA:454,1
DA:455,5
DA:458,1
DA:459,4
DA:462,1
DA:463,1
DA:464,3
DA:465,2
DA:468,1
DA:469,1
DA:470,3
DA:471,2
DA:472,3
DA:476,1
DA:477,1
DA:479,1
DA:480,1
DA:481,1
DA:482,1
DA:483,1
DA:484,1
DA:485,1
DA:486,1
DA:487,1
DA:488,1
DA:492,1
DA:493,1
DA:494,1
DA:495,1
DA:496,1
DA:497,1
DA:498,1
DA:500,1
DA:501,1
DA:502,1
DA:503,1
DA:504,1
DA:508,1
DA:517,1
DA:518,1
DA:519,1
DA:520,1
DA:521,1
DA:522,1
DA:523,1
DA:524,1
DA:525,1
DA:526,1
DA:527,1
DA:528,1
DA:538,1
DA:548,1
DA:549,1
DA:561,3
DA:569,2
DA:571,1
DA:572,2
DA:575,1
DA:576,1
DA:579,1
DA:580,1
DA:582,1
DA:583,1
DA:584,1
DA:585,1
DA:586,1
DA:587,1
DA:588,1
DA:589,1
DA:593,1
DA:594,1
DA:595,1
DA:596,1
DA:597,1
DA:598,1
DA:599,1
DA:601,1
DA:602,1
DA:603,1
DA:607,1
DA:614,1
DA:615,1
DA:616,1
DA:617,1
DA:618,1
DA:619,1
DA:620,1
DA:621,1
DA:622,1
DA:623,1
DA:633,1
DA:643,1
DA:644,1
DA:656,3
DA:664,2
DA:667,1
DA:668,2
DA:671,1
DA:672,1
DA:675,1
DA:676,1
DA:678,1
DA:679,1
DA:680,1
DA:681,1
DA:682,1
DA:683,1
DA:684,1
DA:685,1
DA:689,1
DA:690,1
DA:691,1
DA:692,1
DA:693,1
DA:694,1
DA:696,1
DA:697,1
DA:698,1
DA:702,1
DA:709,1
DA:710,1
DA:711,1
DA:712,1
DA:713,1
DA:714,1
DA:715,1
DA:716,1
DA:717,1
DA:718,1
DA:728,1
DA:739,1
DA:740,1
DA:741,1
DA:742,1
DA:743,1
DA:745,1
DA:757,3
DA:758,3
DA:759,3
DA:760,3
DA:771,2
DA:773,2
DA:775,2
DA:777,2
DA:779,2
DA:781,2
DA:785,1
DA:786,4
DA:790,1
DA:791,2
DA:795,1
DA:796,2
DA:800,1
DA:801,2
DA:805,1
DA:806,2
DA:809,1
DA:813,1
DA:815,1
DA:816,1
DA:817,1
DA:818,1
DA:819,1
DA:820,1
DA:827,1
DA:828,1
DA:830,1
DA:831,1
DA:832,1
DA:833,1
DA:834,1
DA:835,1
DA:836,1
DA:837,1
DA:838,1
DA:842,1
DA:843,1
DA:844,1
DA:845,1
DA:846,1
DA:847,1
DA:848,1
DA:850,1
DA:851,1
DA:852,1
DA:853,1
DA:857,1
DA:865,1
DA:866,1
DA:867,1
DA:868,1
DA:869,1
DA:870,1
DA:871,1
DA:872,1
DA:873,1
DA:874,1
DA:875,1
LF:337
LH:312
end_of_record
SF:lib/domain/utils/debouncer.dart
DA:4,1
DA:18,2
DA:21,1
DA:22,2
DA:24,1
DA:25,2
DA:26,1
DA:28,1
DA:29,1
DA:30,2
DA:33,3
DA:35,5
DA:36,2
DA:37,1
DA:38,3
DA:44,1
DA:45,2
LF:17
LH:17
end_of_record
SF:lib/data/local_cache/local_cache.dart
DA:27,0
DA:29,0
DA:34,0
DA:36,0
DA:41,0
DA:44,0
DA:45,0
DA:46,0
DA:47,0
DA:54,0
DA:56,0
DA:58,0
DA:59,0
DA:64,0
DA:66,0
DA:67,0
DA:71,0
DA:72,0
DA:73,0
DA:77,0
DA:78,0
DA:79,0
DA:80,0
DA:81,0
DA:86,0
DA:89,0
DA:90,0
DA:91,0
DA:92,0
DA:93,0
DA:98,0
DA:101,0
DA:102,0
DA:103,0
DA:104,0
DA:105,0
DA:110,0
DA:113,0
DA:114,0
DA:116,0
DA:121,0
DA:126,0
DA:130,0
DA:133,0
DA:134,0
DA:135,0
DA:136,0
DA:141,0
DA:144,0
DA:146,0
DA:147,0
DA:152,0
DA:155,0
DA:157,0
DA:163,0
DA:166,0
DA:167,0
DA:168,0
DA:169,0
LF:59
LH:0
end_of_record
SF:lib/domain/models/jwt_tokens.dart
DA:5,4
DA:13,2
DA:17,2
DA:18,6
DA:19,6
DA:22,0
DA:23,0
LF:7
LH:5
end_of_record
SF:lib/domain/repositories/authenticate_repository.dart
DA:15,2
DA:34,2
DA:35,2
DA:40,2
DA:45,4
DA:46,2
DA:53,2
DA:56,2
DA:61,2
DA:64,4
DA:67,2
DA:70,2
DA:80,2
DA:85,4
DA:88,6
DA:90,2
DA:91,2
DA:106,2
DA:107,2
DA:111,2
DA:112,4
DA:113,8
DA:119,1
DA:122,3
DA:124,2
DA:129,2
DA:131,6
DA:136,1
DA:137,2
DA:141,2
DA:143,4
LF:31
LH:31
end_of_record
SF:lib/data/api/api_facade.dart
DA:18,0
DA:19,0
DA:20,0
DA:30,0
DA:32,0
DA:36,0
DA:38,0
DA:42,0
DA:44,0
DA:48,0
DA:50,0
DA:54,0
DA:56,0
DA:64,0
DA:69,0
DA:70,0
DA:72,0
DA:73,0
DA:74,0
DA:81,0
DA:83,0
DA:84,0
DA:86,0
DA:87,0
DA:88,0
LF:25
LH:0
end_of_record
SF:lib/data/api/http_client/http_client.dart
DA:17,0
DA:18,0
DA:22,0
DA:24,0
DA:26,0
DA:49,0
DA:58,0
DA:59,0
DA:61,0
DA:64,0
DA:66,0
DA:67,0
DA:68,0
DA:71,0
DA:72,0
DA:75,0
DA:76,0
DA:81,0
DA:83,0
DA:84,0
DA:85,0
DA:90,0
DA:91,0
DA:93,0
DA:95,0
DA:97,0
DA:99,0
DA:100,0
DA:101,0
DA:107,0
DA:108,0
DA:109,0
DA:111,0
DA:113,0
DA:115,0
DA:116,0
DA:118,0
DA:122,0
DA:123,0
DA:126,0
DA:131,0
DA:132,0
DA:134,0
DA:136,0
DA:138,0
DA:139,0
DA:141,0
DA:147,0
DA:148,0
DA:149,0
DA:150,0
DA:152,0
DA:153,0
DA:155,0
DA:156,0
DA:159,0
DA:160,0
DA:161,0
DA:167,0
DA:171,0
DA:174,0
DA:176,0
DA:177,0
DA:178,0
DA:180,0
DA:182,0
DA:183,0
DA:184,0
DA:185,0
DA:186,0
DA:193,0
DA:196,0
DA:201,0
DA:202,0
DA:203,0
DA:205,0
DA:207,0
DA:208,0
DA:209,0
DA:210,0
DA:212,0
DA:218,0
DA:219,0
DA:220,0
DA:221,0
DA:222,0
DA:223,0
DA:225,0
DA:226,0
DA:227,0
DA:228,0
DA:230,0
DA:234,0
DA:235,0
DA:236,0
DA:237,0
DA:239,0
DA:240,0
DA:241,0
DA:242,0
DA:243,0
DA:245,0
DA:246,0
DA:247,0
DA:248,0
DA:250,0
DA:254,0
DA:255,0
DA:256,0
DA:257,0
DA:263,0
DA:264,0
DA:268,0
DA:269,0
DA:271,0
DA:275,0
DA:278,0
DA:281,0
DA:283,0
DA:293,0
DA:294,0
DA:298,0
DA:299,0
DA:303,0
DA:304,0
DA:308,0
DA:309,0
DA:310,0
DA:314,0
DA:315,0
DA:319,0
DA:320,0
DA:321,0
DA:322,0
DA:323,0
DA:324,0
DA:326,0
DA:327,0
DA:329,0
DA:332,0
DA:333,0
DA:334,0
DA:335,0
DA:336,0
DA:340,0
DA:352,0
DA:354,0
DA:358,0
DA:359,0
DA:360,0
DA:361,0
DA:362,0
DA:364,0
DA:365,0
DA:373,0
DA:374,0
DA:376,0
DA:378,0
DA:379,0
DA:381,0
DA:382,0
DA:385,0
DA:386,0
DA:388,0
DA:389,0
DA:390,0
DA:392,0
DA:393,0
DA:396,0
DA:397,0
DA:399,0
DA:400,0
DA:401,0
DA:403,0
DA:404,0
DA:410,0
DA:414,0
DA:415,0
DA:417,0
DA:421,0
DA:424,0
DA:425,0
DA:426,0
DA:427,0
DA:428,0
DA:429,0
DA:430,0
DA:431,0
DA:432,0
DA:433,0
DA:434,0
DA:435,0
DA:436,0
DA:446,0
DA:447,0
DA:448,0
DA:449,0
DA:451,0
DA:452,0
DA:454,0
DA:459,0
DA:460,0
DA:461,0
DA:462,0
DA:463,0
DA:464,0
DA:465,0
DA:468,0
DA:469,0
DA:470,0
DA:474,0
DA:475,0
DA:480,0
DA:481,0
DA:482,0
DA:485,0
DA:486,0
DA:487,0
DA:488,0
LF:219
LH:0
end_of_record
SF:lib/data/api/mapper/mapper.dart
DA:7,0
DA:8,0
DA:9,0
LF:3
LH:0
end_of_record
SF:lib/data/api/model/requests/request_auth.dart
DA:8,0
DA:11,0
DA:21,0
DA:22,0
DA:23,0
DA:24,0
LF:6
LH:0
end_of_record
SF:lib/data/api/model/requests/request_refresh_tokens.dart
DA:8,0
DA:10,0
DA:19,0
DA:20,0
DA:21,0
LF:5
LH:0
end_of_record
SF:lib/data/api/model/responses/tokens_pair_dto.dart
DA:7,0
DA:18,0
DA:19,0
LF:3
LH:0
end_of_record
SF:lib/data/api/model/responses/generated/tokens_pair_dto.g.dart
DA:9,0
DA:10,0
DA:11,0
DA:12,0
DA:15,0
DA:16,0
DA:17,0
DA:18,0
LF:8
LH:0
end_of_record
SF:lib/data/api/http_client/i_api_request.dart
DA:5,0
DA:16,0
DA:19,0
DA:22,0
DA:25,0
LF:5
LH:0
end_of_record
SF:lib/data/api/http_client/request_exception.dart
DA:5,0
DA:27,0
DA:29,0
DA:30,0
DA:31,0
DA:32,0
DA:34,0
DA:36,0
DA:39,0
DA:46,0
DA:48,0
DA:49,0
DA:50,0
DA:51,0
DA:53,0
DA:54,0
DA:55,0
DA:57,0
DA:61,0
DA:62,0
DA:63,0
DA:65,0
LF:22
LH:0
end_of_record
SF:lib/data/api/http_client/request_timeout_exception.dart
DA:3,0
LF:1
LH:0
end_of_record
SF:lib/domain/extensions/iterable_extensions.dart
DA:2,1
DA:3,5
LF:2
LH:2
end_of_record
SF:lib/domain/environment/builders.dep_gen.dart
DA:25,1
DA:26,1
DA:33,3
DA:37,0
DA:42,3
DA:46,0
DA:51,0
DA:52,0
DA:61,2
DA:68,1
DA:73,1
DA:80,1
DA:81,1
DA:83,0
DA:89,0
DA:97,0
DA:101,0
DA:106,1
DA:107,1
DA:108,2
DA:113,0
DA:114,0
DA:115,0
DA:116,0
DA:117,0
DA:122,0
DA:123,0
DA:124,0
LF:28
LH:12
end_of_record
SF:lib/presentation/navigation/auth_controller/bloc/auth_controller_bloc.dart
DA:17,1
DA:20,2
DA:21,2
DA:22,3
DA:23,2
DA:24,1
DA:25,1
DA:28,1
DA:42,1
DA:44,2
DA:45,1
DA:49,1
DA:50,1
DA:51,2
DA:56,1
DA:58,3
DA:62,1
DA:64,1
DA:68,1
DA:69,3
LF:20
LH:20
end_of_record
SF:lib/presentation/screens/splash/bloc/splash_bloc.dart
DA:22,0
DA:26,0
DA:27,0
DA:28,0
DA:36,0
DA:39,0
DA:42,0
DA:45,0
DA:50,0
DA:57,0
DA:59,0
DA:62,0
DA:63,0
DA:69,0
DA:71,0
DA:73,0
DA:74,0
DA:80,0
DA:87,0
DA:90,0
DA:91,0
DA:92,0
DA:96,0
DA:99,0
DA:100,0
DA:101,0
DA:103,0
DA:104,0
DA:105,0
DA:106,0
DA:108,0
DA:109,0
DA:110,0
DA:115,0
DA:116,0
LF:35
LH:0
end_of_record
SF:lib/presentation/screens/developer_widgets/app_logger/bloc/app_logger_bloc.dart
DA:18,0
DA:21,0
DA:23,0
DA:24,0
DA:25,0
DA:26,0
DA:30,0
DA:41,0
DA:42,0
DA:43,0
DA:49,0
DA:52,0
DA:54,0
DA:55,0
LF:14
LH:0
end_of_record
SF:lib/domain/environment/environment.dart
DA:10,0
DA:13,0
DA:14,0
DA:19,0
DA:20,0
DA:24,0
DA:25,0
DA:26,0
LF:8
LH:0
end_of_record
SF:lib/domain/extensions/context_extensions.dart
DA:16,0
DA:17,0
DA:23,0
DA:24,0
DA:30,0
DA:31,0
DA:37,0
DA:38,0
DA:44,0
DA:45,0
DA:51,0
DA:52,0
DA:58,0
DA:65,2
LF:14
LH:1
end_of_record
SF:lib/presentation/theme/dynamic_theme.dart
DA:11,0
DA:15,0
DA:20,0
DA:21,0
DA:24,0
DA:26,0
DA:27,0
DA:31,0
DA:33,0
DA:34,0
DA:38,0
DA:40,0
DA:41,0
DA:55,0
DA:57,0
DA:59,0
DA:61,0
DA:63,0
DA:66,0
DA:68,0
DA:69,0
DA:70,0
DA:71,0
DA:72,0
DA:74,0
DA:78,0
DA:80,0
DA:82,0
DA:84,0
DA:85,0
DA:86,0
DA:87,0
DA:89,0
DA:90,0
DA:91,0
DA:93,0
DA:95,0
DA:99,0
DA:100,0
DA:101,0
DA:102,0
DA:103,0
DA:108,0
DA:110,0
DA:137,0
DA:147,0
DA:151,0
DA:154,0
LF:48
LH:0
end_of_record
SF:lib/presentation/values/palette.dart
DA:7,0
DA:46,0
LF:2
LH:0
end_of_record
SF:lib/l10n/locale_provider.dart
DA:7,1
DA:10,0
DA:14,1
DA:15,1
DA:18,1
DA:20,1
DA:21,1
DA:31,2
DA:34,0
DA:35,0
DA:36,0
DA:41,1
DA:43,1
DA:45,2
DA:54,1
DA:58,1
DA:61,0
LF:17
LH:12
end_of_record
SF:lib/presentation/navigation/auth_controller/auth_controller_screen.dart
DA:12,1
DA:14,1
DA:16,1
DA:18,2
DA:19,1
DA:20,3
DA:21,1
DA:22,3
DA:23,1
DA:24,1
DA:26,1
LF:11
LH:11
end_of_record
SF:lib/presentation/screens/auth/auth_screen.dart
DA:8,4
DA:11,1
DA:13,1
DA:14,1
DA:15,3
DA:17,1
DA:18,1
DA:20,1
DA:21,3
DA:22,1
DA:23,0
DA:24,0
DA:27,1
DA:28,0
DA:29,0
LF:15
LH:11
end_of_record
SF:lib/presentation/screens/workspace/workspace_screen.dart
DA:4,4
DA:7,1
DA:9,1
DA:10,1
LF:4
LH:4
end_of_record
SF:lib/presentation/theme/themes.dart
DA:17,0
DA:19,0
DA:20,0
DA:21,0
DA:22,0
DA:27,0
DA:29,0
DA:30,0
DA:31,0
DA:32,0
DA:37,0
DA:38,0
DA:39,0
DA:40,0
DA:41,0
DA:44,0
DA:45,0
DA:47,0
DA:49,0
DA:50,0
DA:59,0
DA:60,0
DA:61,0
DA:62,0
DA:63,0
DA:64,0
DA:66,0
DA:68,0
DA:69,0
DA:72,0
DA:73,0
DA:74,0
DA:77,0
DA:78,0
DA:79,0
DA:80,0
DA:81,0
DA:82,0
DA:83,0
DA:86,0
DA:88,0
DA:90,0
DA:91,0
DA:92,0
DA:93,0
DA:94,0
DA:96,0
DA:99,0
DA:101,0
DA:112,0
DA:114,0
DA:117,0
DA:118,0
DA:122,0
DA:123,0
DA:125,0
DA:128,0
DA:132,0
DA:134,0
DA:136,0
DA:142,0
DA:143,0
DA:144,0
DA:146,0
DA:147,0
DA:151,0
DA:152,0
DA:154,0
DA:158,0
DA:160,0
DA:166,0
DA:170,0
DA:175,0
DA:180,0
DA:185,0
DA:190,0
DA:195,0
DA:199,0
DA:203,0
DA:207,0
DA:211,0
DA:215,0
DA:219,0
DA:223,0
DA:228,0
DA:229,0
DA:232,0
DA:233,0
DA:234,0
DA:239,0
DA:240,0
DA:241,0
DA:242,0
DA:243,0
DA:246,0
DA:247,0
DA:249,0
DA:251,0
DA:253,0
DA:261,0
DA:262,0
DA:263,0
DA:264,0
DA:265,0
DA:266,0
DA:268,0
DA:270,0
DA:271,0
DA:274,0
DA:275,0
DA:276,0
DA:279,0
DA:280,0
DA:281,0
DA:282,0
DA:283,0
DA:286,0
DA:287,0
DA:289,0
DA:290,0
DA:291,0
DA:292,0
DA:293,0
DA:295,0
DA:298,0
DA:300,0
DA:311,0
DA:313,0
DA:316,0
DA:317,0
DA:321,0
DA:322,0
DA:324,0
DA:327,0
DA:331,0
DA:333,0
DA:335,0
DA:341,0
DA:342,0
DA:344,0
DA:348,0
DA:349,0
DA:350,0
DA:352,0
DA:353,0
DA:356,0
DA:358,0
DA:364,0
DA:368,0
DA:373,0
DA:378,0
DA:383,0
DA:388,0
DA:393,0
DA:397,0
DA:401,0
DA:405,0
DA:409,0
DA:413,0
DA:417,0
DA:421,0
DA:426,0
DA:427,0
DA:430,0
DA:431,0
DA:432,0
LF:166
LH:0
end_of_record
SF:lib/presentation/navigation/auth_controller/bloc/states.dart
LF:0
LH:0
end_of_record
SF:lib/presentation/navigation/auth_controller/bloc/events.dart
LF:0
LH:0
end_of_record
SF:lib/presentation/screens/splash/bloc/events.dart
LF:0
LH:0
end_of_record
SF:lib/presentation/screens/splash/bloc/states.dart
LF:0
LH:0
end_of_record
SF:lib/presentation/screens/developer_widgets/app_logger/bloc/states.dart
LF:0
LH:0
end_of_record
SF:lib/presentation/screens/developer_widgets/app_logger/bloc/events.dart
LF:0
LH:0
end_of_record
SF:lib/domain/interfaces/i_timers_repository.dart
DA:7,1
LF:1
LH:1
end_of_record
SF:lib/domain/repositories/timers_repository.dart
DA:10,1
DA:11,2
DA:12,2
DA:13,1
DA:14,2
DA:15,1
DA:37,1
DA:38,2
DA:43,1
DA:49,2
DA:50,2
DA:51,2
DA:53,3
DA:54,2
DA:56,1
DA:63,1
DA:66,3
DA:67,2
DA:68,2
DA:71,2
DA:76,1
DA:78,2
DA:83,1
DA:85,2
DA:90,1
DA:92,3
DA:99,1
DA:101,2
DA:105,1
DA:107,2
DA:108,2
DA:109,2
DA:111,2
DA:115,1
DA:118,2
DA:119,0
DA:120,0
DA:123,3
DA:125,1
DA:131,1
DA:132,2
DA:135,2
DA:136,4
DA:138,5
DA:140,3
DA:141,2
DA:142,1
DA:143,2
DA:144,2
DA:145,1
DA:147,3
DA:153,1
DA:154,2
DA:155,3
LF:54
LH:52
end_of_record
